<?xml version="1.0" encoding="UTF-8"?>
<!-- Generated by org.testng.reporters.JUnitXMLReporter -->
<testsuite hostname="ATMECSINLT-085" ignored="0" name="Default test" tests="4" failures="0" timestamp="16 Sep 2019 13:30:38 GMT" time="32.182" errors="0">
  <testcase name="practoHome" time="3.215" classname="org.atmecs.practo.testscripts.PractoHomepage"/>
  <testcase name="practoPage" time="7.318" classname="org.atmecs.practo.testscripts.PractoHomepage"/>
  <testcase name="painRelief" time="7.767" classname="org.atmecs.practo.testscripts.PractoHomepage"/>
  <testcase name="cartPage" time="3.645" classname="org.atmecs.practo.testscripts.PractoHomepage"/>
</testsuite> <!-- Default test -->
