<?xml version="1.0" encoding="UTF-8"?>
<!-- Generated by org.testng.reporters.JUnitXMLReporter -->
<testsuite hostname="ATMECSINLT-085" ignored="0" name="Test" tests="3" failures="0" timestamp="18 Sep 2019 13:35:24 GMT" time="31.651" errors="0">
  <testcase name="practoPage" time="9.268" classname="org.atmecs.practo.testscripts.PharmacyTest"/>
  <testcase name="painRelief" time="6.576" classname="org.atmecs.practo.testscripts.PainReliefTest"/>
  <testcase name="cartPage" time="6.614" classname="org.atmecs.practo.testscripts.CartTest"/>
</testsuite> <!-- Test -->
