<?xml version="1.0" encoding="UTF-8"?>
<!-- Generated by org.testng.reporters.JUnitXMLReporter -->
<testsuite hostname="ATMECSINLT-085" ignored="0" name="Test" tests="4" failures="0" timestamp="16 Sep 2019 11:10:01 GMT" time="34.893" errors="0">
  <testcase name="practoHome" time="3.529" classname="org.atmecs.practo.testscripts.PractoHomepage"/>
  <testcase name="practoPage" time="8.191" classname="org.atmecs.practo.testscripts.PractoHomepage"/>
  <testcase name="painRelief" time="8.603" classname="org.atmecs.practo.testscripts.PractoHomepage"/>
  <testcase name="cartPage" time="3.847" classname="org.atmecs.practo.testscripts.PractoHomepage"/>
</testsuite> <!-- Test -->
