<?xml version="1.0" encoding="UTF-8"?>
<!-- Generated by org.testng.reporters.JUnitXMLReporter -->
<testsuite hostname="ATMECSINLT-085" ignored="0" name="Test" tests="4" failures="0" timestamp="16 Sep 2019 14:25:30 GMT" time="40.311" errors="0">
  <testcase name="practoHome" time="4.043" classname="org.atmecs.practo.testscripts.PractoHomepage"/>
  <testcase name="practoPage" time="8.335" classname="org.atmecs.practo.testscripts.PractoHomepage"/>
  <testcase name="painRelief" time="10.085" classname="org.atmecs.practo.testscripts.PractoHomepage"/>
  <testcase name="cartPage" time="6.185" classname="org.atmecs.practo.testscripts.PractoHomepage"/>
</testsuite> <!-- Test -->
