<?xml version="1.0" encoding="UTF-8"?>
<testsuite xmlns:xsi="http://www.w3.org/2001/XMLSchema-instance" xsi:noNamespaceSchemaLocation="https://maven.apache.org/surefire/maven-surefire-plugin/xsd/surefire-test-report-3.0.xsd" version="3.0" name="TestSuite" time="40.8" tests="4" errors="0" skipped="0" failures="1">
  <properties>
[...]
</properties>
  <testcase name="practoHome" classname="org.atmecs.practo.testscripts.PractoHomepage" time="5.109"/>
  <testcase name="practoPage" classname="org.atmecs.practo.testscripts.PractoHomepage" time="5.136"/>
  <testcase name="painRelief" classname="org.atmecs.practo.testscripts.PractoHomepage" time="6.629"/>
  <testcase name="cartPage" classname="org.atmecs.practo.testscripts.PractoHomepage" time="6.207">
    <failure message="Element &lt;div class=&quot;u-columns u-four u-text--center bg-white text-azure-two u-cursor--pointer heading-beta&quot;&gt; is not clickable at point (941,289) because another element &lt;div class=&quot;d-modal-w d-modal-w--no-animate d-modal-child--animate d-modal-child--animate-left d-modal-w--open&quot;&gt; obscures it&#10;Build info: version: &apos;4.0.0-alpha-2&apos;, revision: &apos;f148142cf8&apos;, time: &apos;2019-07-01T20:55:26&apos;&#10;System info: host: &apos;ATMECSINLT-085&apos;, ip: &apos;55.55.53.104&apos;, os.name: &apos;Windows 10&apos;, os.arch: &apos;amd64&apos;, os.version: &apos;10.0&apos;, java.version: &apos;1.8.0_221&apos;&#10;Driver info: org.openqa.selenium.firefox.FirefoxDriver&#10;Capabilities {acceptInsecureCerts: true, browserName: firefox, browserVersion: 69.0, javascriptEnabled: true, moz:accessibilityChecks: false, moz:buildID: 20190827005903, moz:geckodriverVersion: 0.24.0, moz:headless: false, moz:processID: 18044, moz:profile: C:\Users\ajith.periyasamy\A..., moz:shutdownTimeout: 60000, moz:useNonSpecCompliantPointerOrigin: false, moz:webdriverClick: true, pageLoadStrategy: normal, platform: WINDOWS, platformName: WINDOWS, platformVersion: 10.0, rotatable: false, setWindowRect: true, strictFileInteractability: false, timeouts: {implicit: 0, pageLoad: 300000, script: 30000}, unhandledPromptBehavior: dismiss and notify}&#10;Session ID: 10082ebc-b89e-44a2-912e-cc63b370f678" type="org.openqa.selenium.ElementClickInterceptedException"><![CDATA[org.openqa.selenium.ElementClickInterceptedException: 
Element <div class="u-columns u-four u-text--center bg-white text-azure-two u-cursor--pointer heading-beta"> is not clickable at point (941,289) because another element <div class="d-modal-w d-modal-w--no-animate d-modal-child--animate d-modal-child--animate-left d-modal-w--open"> obscures it
Build info: version: '4.0.0-alpha-2', revision: 'f148142cf8', time: '2019-07-01T20:55:26'
System info: host: 'ATMECSINLT-085', ip: '55.55.53.104', os.name: 'Windows 10', os.arch: 'amd64', os.version: '10.0', java.version: '1.8.0_221'
Driver info: org.openqa.selenium.firefox.FirefoxDriver
Capabilities {acceptInsecureCerts: true, browserName: firefox, browserVersion: 69.0, javascriptEnabled: true, moz:accessibilityChecks: false, moz:buildID: 20190827005903, moz:geckodriverVersion: 0.24.0, moz:headless: false, moz:processID: 18044, moz:profile: C:\Users\ajith.periyasamy\A..., moz:shutdownTimeout: 60000, moz:useNonSpecCompliantPointerOrigin: false, moz:webdriverClick: true, pageLoadStrategy: normal, platform: WINDOWS, platformName: WINDOWS, platformVersion: 10.0, rotatable: false, setWindowRect: true, strictFileInteractability: false, timeouts: {implicit: 0, pageLoad: 300000, script: 30000}, unhandledPromptBehavior: dismiss and notify}
Session ID: 10082ebc-b89e-44a2-912e-cc63b370f678
	at org.atmecs.practo.testscripts.PractoHomepage.cartPage(PractoHomepage.java:133)
]]></failure>
    <system-out><![CDATA[Successfully Verified the Product Name :B-Protin Powder Chocolate 200 g
Product price 229 is not match with :1
Product count 1 is not match with :229
Successfully Verified the Product Name :Apollo Pharmacy Slimchoice Shake Strawberry Flavour Powder
Successfully Verified the Poduct Price :495
Successfully Verified the product count :1

Successfully Verified the total payment :724
]]></system-out>
  </testcase>
</testsuite>