<?xml version="1.0" encoding="UTF-8"?>
<testng-results skipped="0" failed="0" ignored="0" total="3" passed="3">
  <reporter-output>
  </reporter-output>
  <suite name="Suite" duration-ms="31651" started-at="2019-09-18T13:34:53Z" finished-at="2019-09-18T13:35:24Z">
    <groups>
    </groups>
    <test name="Test" duration-ms="31651" started-at="2019-09-18T13:34:53Z" finished-at="2019-09-18T13:35:24Z">
      <class name="org.atmecs.practo.testscripts.CartTest">
        <test-method status="PASS" signature="startReport()[pri:0, instance:org.atmecs.practo.testscripts.CartTest@548e7350]" name="startReport" is-config="true" duration-ms="265" started-at="2019-09-18T13:34:52Z" finished-at="2019-09-18T13:34:53Z">
          <reporter-output>
          </reporter-output>
        </test-method> <!-- startReport -->
        <test-method status="PASS" signature="baseSetup()[pri:0, instance:org.atmecs.practo.testscripts.CartTest@548e7350]" name="baseSetup" is-config="true" duration-ms="7366" started-at="2019-09-18T13:34:53Z" finished-at="2019-09-18T13:35:00Z">
          <reporter-output>
          </reporter-output>
        </test-method> <!-- baseSetup -->
        <test-method status="PASS" signature="practoPage(java.lang.String, java.lang.String, java.lang.String)[pri:1, instance:org.atmecs.practo.testscripts.CartTest@548e7350]" name="practoPage" duration-ms="9268" started-at="2019-09-18T13:35:01Z" data-provider="practoPage" finished-at="2019-09-18T13:35:10Z">
          <params>
            <param index="0">
              <value>
                <![CDATA[Practo | Book Doctor Appointments Online, Order Medicine, Diagnostic Tests, Consult]]>
              </value>
            </param>
            <param index="1">
              <value>
                <![CDATA[Buy Medicines,Health Products Online | India's Most Reliable Online Medical Store | Practo]]>
              </value>
            </param>
            <param index="2">
              <value>
                <![CDATA[Pain relief Products: Buy Online at Best Prices in India | Practo]]>
              </value>
            </param>
          </params>
          <reporter-output>
          </reporter-output>
        </test-method> <!-- practoPage -->
        <test-method status="PASS" signature="tearDown(org.testng.ITestResult)[pri:0, instance:org.atmecs.practo.testscripts.CartTest@548e7350]" name="tearDown" is-config="true" duration-ms="343" started-at="2019-09-18T13:35:10Z" finished-at="2019-09-18T13:35:11Z">
          <params>
            <param index="0">
              <value>
                <![CDATA[[TestResult name=practoPage status=SUCCESS method=PharmacyTest.practoPage(java.lang.String, java.lang.String, java.lang.String)[pri:1, instance:org.atmecs.practo.testscripts.CartTest@548e7350] output={null}]]]>
              </value>
            </param>
          </params>
          <reporter-output>
          </reporter-output>
        </test-method> <!-- tearDown -->
        <test-method status="PASS" signature="painRelief(java.lang.String, java.lang.String, java.lang.String)[pri:2, instance:org.atmecs.practo.testscripts.CartTest@548e7350]" name="painRelief" duration-ms="6576" started-at="2019-09-18T13:35:11Z" data-provider="painReliefPage" finished-at="2019-09-18T13:35:17Z">
          <params>
            <param index="0">
              <value>
                <![CDATA[https://www.practo.com/health-products/pain-relief/l]]>
              </value>
            </param>
            <param index="1">
              <value>
                <![CDATA[Fitness & Wellness Products: Buy Online at Best Prices in India | Practo]]>
              </value>
            </param>
            <param index="2">
              <value>
                <![CDATA["Order Medicines Online | India's most reliable medical store | Practo"]]>
              </value>
            </param>
          </params>
          <reporter-output>
          </reporter-output>
        </test-method> <!-- painRelief -->
        <test-method status="PASS" signature="tearDown(org.testng.ITestResult)[pri:0, instance:org.atmecs.practo.testscripts.CartTest@548e7350]" name="tearDown" is-config="true" duration-ms="124" started-at="2019-09-18T13:35:17Z" finished-at="2019-09-18T13:35:17Z">
          <params>
            <param index="0">
              <value>
                <![CDATA[[TestResult name=painRelief status=SUCCESS method=PainReliefTest.painRelief(java.lang.String, java.lang.String, java.lang.String)[pri:2, instance:org.atmecs.practo.testscripts.CartTest@548e7350] output={null}]]]>
              </value>
            </param>
          </params>
          <reporter-output>
          </reporter-output>
        </test-method> <!-- tearDown -->
        <test-method status="PASS" signature="cartPage(java.lang.String, java.lang.String, java.lang.String, java.lang.String, java.lang.String, java.lang.String, java.lang.String, java.lang.String, java.lang.String)[pri:3, instance:org.atmecs.practo.testscripts.CartTest@548e7350]" name="cartPage" duration-ms="6614" started-at="2019-09-18T13:35:18Z" data-provider="cartPage" finished-at="2019-09-18T13:35:24Z">
          <params>
            <param index="0">
              <value>
                <![CDATA[B-Protin Powder Chocolate 200 g]]>
              </value>
            </param>
            <param index="1">
              <value>
                <![CDATA[1]]>
              </value>
            </param>
            <param index="2">
              <value>
                <![CDATA[229]]>
              </value>
            </param>
            <param index="3">
              <value>
                <![CDATA[Apollo Pharmacy Slim Choice Shake Strawberry 500g]]>
              </value>
            </param>
            <param index="4">
              <value>
                <![CDATA[495]]>
              </value>
            </param>
            <param index="5">
              <value>
                <![CDATA[1]]>
              </value>
            </param>
            <param index="6">
              <value>
                <![CDATA[724]]>
              </value>
            </param>
            <param index="7">
              <value>
                <![CDATA[495]]>
              </value>
            </param>
            <param index="8">
              <value>
                <![CDATA[Apollo Pharmacy Slimchoice Shake Strawberry Flavour Powder]]>
              </value>
            </param>
          </params>
          <reporter-output>
          </reporter-output>
        </test-method> <!-- cartPage -->
        <test-method status="PASS" signature="tearDown(org.testng.ITestResult)[pri:0, instance:org.atmecs.practo.testscripts.CartTest@548e7350]" name="tearDown" is-config="true" duration-ms="79" started-at="2019-09-18T13:35:24Z" finished-at="2019-09-18T13:35:24Z">
          <params>
            <param index="0">
              <value>
                <![CDATA[[TestResult name=cartPage status=SUCCESS method=CartTest.cartPage(java.lang.String, java.lang.String, java.lang.String, java.lang.String, java.lang.String, java.lang.String, java.lang.String, java.lang.String, java.lang.String)[pri:3, instance:org.atmecs.practo.testscripts.CartTest@548e7350] output={null}]]]>
              </value>
            </param>
          </params>
          <reporter-output>
          </reporter-output>
        </test-method> <!-- tearDown -->
        <test-method status="PASS" signature="endReport()[pri:0, instance:org.atmecs.practo.testscripts.CartTest@548e7350]" name="endReport" is-config="true" duration-ms="3898" started-at="2019-09-18T13:35:24Z" finished-at="2019-09-18T13:35:28Z">
          <reporter-output>
          </reporter-output>
        </test-method> <!-- endReport -->
      </class> <!-- org.atmecs.practo.testscripts.CartTest -->
    </test> <!-- Test -->
  </suite> <!-- Suite -->
</testng-results>
