<?xml version="1.0" encoding="UTF-8"?>
<testng-results skipped="0" failed="0" ignored="0" total="4" passed="4">
  <reporter-output>
  </reporter-output>
  <suite name="Default suite" duration-ms="32182" started-at="2019-09-16T13:30:06Z" finished-at="2019-09-16T13:30:38Z">
    <groups>
    </groups>
    <test name="Default test" duration-ms="32182" started-at="2019-09-16T13:30:06Z" finished-at="2019-09-16T13:30:38Z">
      <class name="org.atmecs.practo.testscripts.PractoHomepage">
        <test-method status="PASS" signature="startReport()[pri:0, instance:org.atmecs.practo.testscripts.PractoHomepage@53b32d7]" name="startReport" is-config="true" duration-ms="272" started-at="2019-09-16T13:30:06Z" finished-at="2019-09-16T13:30:06Z">
          <reporter-output>
          </reporter-output>
        </test-method> <!-- startReport -->
        <test-method status="PASS" signature="baseSetup()[pri:0, instance:org.atmecs.practo.testscripts.PractoHomepage@53b32d7]" name="baseSetup" is-config="true" duration-ms="7166" started-at="2019-09-16T13:30:06Z" finished-at="2019-09-16T13:30:13Z">
          <reporter-output>
          </reporter-output>
        </test-method> <!-- baseSetup -->
        <test-method status="PASS" signature="practoHome(java.lang.String)[pri:0, instance:org.atmecs.practo.testscripts.PractoHomepage@53b32d7]" name="practoHome" duration-ms="3215" started-at="2019-09-16T13:30:14Z" data-provider="pharmacy" finished-at="2019-09-16T13:30:18Z">
          <params>
            <param index="0">
              <value>
                <![CDATA[Practo | Book Doctor Appointments Online, Order Medicine, Diagnostic Tests, Consult]]>
              </value>
            </param>
          </params>
          <reporter-output>
          </reporter-output>
        </test-method> <!-- practoHome -->
        <test-method status="PASS" signature="tearDown(org.testng.ITestResult)[pri:0, instance:org.atmecs.practo.testscripts.PractoHomepage@53b32d7]" name="tearDown" is-config="true" duration-ms="491" started-at="2019-09-16T13:30:18Z" finished-at="2019-09-16T13:30:18Z">
          <params>
            <param index="0">
              <value>
                <![CDATA[[TestResult name=practoHome status=SUCCESS method=PractoHomepage.practoHome(java.lang.String)[pri:0, instance:org.atmecs.practo.testscripts.PractoHomepage@53b32d7] output={null}]]]>
              </value>
            </param>
          </params>
          <reporter-output>
          </reporter-output>
        </test-method> <!-- tearDown -->
        <test-method status="PASS" signature="practoPage(java.lang.String, java.lang.String)[pri:1, instance:org.atmecs.practo.testscripts.PractoHomepage@53b32d7]" name="practoPage" duration-ms="7318" started-at="2019-09-16T13:30:18Z" data-provider="practoPage" finished-at="2019-09-16T13:30:26Z">
          <params>
            <param index="0">
              <value>
                <![CDATA[Buy Medicines,Health Products Online | India's Most Reliable Online Medical Store | Practo]]>
              </value>
            </param>
            <param index="1">
              <value>
                <![CDATA[Pain relief Products: Buy Online at Best Prices in India | Practo]]>
              </value>
            </param>
          </params>
          <reporter-output>
          </reporter-output>
        </test-method> <!-- practoPage -->
        <test-method status="PASS" signature="tearDown(org.testng.ITestResult)[pri:0, instance:org.atmecs.practo.testscripts.PractoHomepage@53b32d7]" name="tearDown" is-config="true" duration-ms="648" started-at="2019-09-16T13:30:26Z" finished-at="2019-09-16T13:30:26Z">
          <params>
            <param index="0">
              <value>
                <![CDATA[[TestResult name=practoPage status=SUCCESS method=PractoHomepage.practoPage(java.lang.String, java.lang.String)[pri:1, instance:org.atmecs.practo.testscripts.PractoHomepage@53b32d7] output={null}]]]>
              </value>
            </param>
          </params>
          <reporter-output>
          </reporter-output>
        </test-method> <!-- tearDown -->
        <test-method status="PASS" signature="painRelief(java.lang.String, java.lang.String)[pri:2, instance:org.atmecs.practo.testscripts.PractoHomepage@53b32d7]" name="painRelief" duration-ms="7767" started-at="2019-09-16T13:30:26Z" data-provider="painReliefPage" finished-at="2019-09-16T13:30:34Z">
          <params>
            <param index="0">
              <value>
                <![CDATA[https://www.practo.com/health-products/pain-relief/l]]>
              </value>
            </param>
            <param index="1">
              <value>
                <![CDATA[Fitness & Wellness Products: Buy Online at Best Prices in India | Practo]]>
              </value>
            </param>
          </params>
          <reporter-output>
          </reporter-output>
        </test-method> <!-- painRelief -->
        <test-method status="PASS" signature="tearDown(org.testng.ITestResult)[pri:0, instance:org.atmecs.practo.testscripts.PractoHomepage@53b32d7]" name="tearDown" is-config="true" duration-ms="379" started-at="2019-09-16T13:30:34Z" finished-at="2019-09-16T13:30:34Z">
          <params>
            <param index="0">
              <value>
                <![CDATA[[TestResult name=painRelief status=SUCCESS method=PractoHomepage.painRelief(java.lang.String, java.lang.String)[pri:2, instance:org.atmecs.practo.testscripts.PractoHomepage@53b32d7] output={null}]]]>
              </value>
            </param>
          </params>
          <reporter-output>
          </reporter-output>
        </test-method> <!-- tearDown -->
        <test-method status="PASS" signature="cartPage(java.lang.String, java.lang.String, java.lang.String, java.lang.String, java.lang.String, java.lang.String, java.lang.String, java.lang.String, java.lang.String)[pri:3, instance:org.atmecs.practo.testscripts.PractoHomepage@53b32d7]" name="cartPage" duration-ms="3645" started-at="2019-09-16T13:30:34Z" data-provider="cartPage" finished-at="2019-09-16T13:30:38Z">
          <params>
            <param index="0">
              <value>
                <![CDATA[B-Protin Powder Chocolate 200 g]]>
              </value>
            </param>
            <param index="1">
              <value>
                <![CDATA[229]]>
              </value>
            </param>
            <param index="2">
              <value>
                <![CDATA[1]]>
              </value>
            </param>
            <param index="3">
              <value>
                <![CDATA[Apollo Pharmacy Slim Choice Shake Strawberry 500g]]>
              </value>
            </param>
            <param index="4">
              <value>
                <![CDATA[495]]>
              </value>
            </param>
            <param index="5">
              <value>
                <![CDATA[1]]>
              </value>
            </param>
            <param index="6">
              <value>
                <![CDATA[724]]>
              </value>
            </param>
            <param index="7">
              <value>
                <![CDATA[495]]>
              </value>
            </param>
            <param index="8">
              <value>
                <![CDATA[Apollo Pharmacy Slimchoice Shake Strawberry Flavour Powder]]>
              </value>
            </param>
          </params>
          <reporter-output>
          </reporter-output>
        </test-method> <!-- cartPage -->
        <test-method status="PASS" signature="tearDown(org.testng.ITestResult)[pri:0, instance:org.atmecs.practo.testscripts.PractoHomepage@53b32d7]" name="tearDown" is-config="true" duration-ms="360" started-at="2019-09-16T13:30:38Z" finished-at="2019-09-16T13:30:38Z">
          <params>
            <param index="0">
              <value>
                <![CDATA[[TestResult name=cartPage status=SUCCESS method=PractoHomepage.cartPage(java.lang.String, java.lang.String, java.lang.String, java.lang.String, java.lang.String, java.lang.String, java.lang.String, java.lang.String, java.lang.String)[pri:3, instance:org.atmecs.practo.testscripts.PractoHomepage@53b32d7] output={null}]]]>
              </value>
            </param>
          </params>
          <reporter-output>
          </reporter-output>
        </test-method> <!-- tearDown -->
        <test-method status="PASS" signature="endReport()[pri:0, instance:org.atmecs.practo.testscripts.PractoHomepage@53b32d7]" name="endReport" is-config="true" duration-ms="1783" started-at="2019-09-16T13:30:38Z" finished-at="2019-09-16T13:30:40Z">
          <reporter-output>
          </reporter-output>
        </test-method> <!-- endReport -->
      </class> <!-- org.atmecs.practo.testscripts.PractoHomepage -->
    </test> <!-- Default test -->
  </suite> <!-- Default suite -->
</testng-results>
